2026-03-20 17:52:20,736 - INFO - Appended new line to append.txt
2026-03-20 17:52:20,737 - WARNING - Replaced contents of prepend.txt
2026-03-20 17:52:20,737 - ERROR - Replaced contents of replace.txt
2026-03-20 17:52:20,737 - DEBUG - This is a debug message
2026-03-20 17:52:20,737 - INFO - This is an info message
2026-03-20 17:52:20,737 - WARNING - This is a warning message
2026-03-20 17:52:20,737 - ERROR - This is an error message
Dog.py
Temperature.py
modified_function.py
lambda_function.py
modified_Mutation.py
functions.py
http_triggered_function_file.py
modified_functions.py
modified_http_triggered_function.py
modified_dog.py
Shape.py
http_triggered_function.py
modified_safe_divide.py
modified_math.py
modified_Dog.py
modified_game_loop.py
setuptools.py
game_loop.py
modified_cloud_function.py
modified_Shape.py
modified_lambda_function.py
square.py
modified_square.py
modified_Temperature.py
modified_sprite.py
person.py
modified_setuptools.py
modified_person.py
dog.py
function.py
math.py
sprite.py
modified_http_triggered_function_file.py
cloud_function.py
safe_divide.py
Mutation.py
